2023-02-07 15:57:41,358 - Log4JLogChute initialized using file 'velocity.log'
2023-02-07 15:57:41,358 - Initializing Velocity, Calling init()...
2023-02-07 15:57:41,358 - Starting Apache Velocity v1.7 (compiled: 2010-11-19 12:14:37)
2023-02-07 15:57:41,358 - Default Properties File: org/apache/velocity/runtime/defaults/velocity.properties
2023-02-07 15:57:41,358 - Trying to use logger class org.apache.velocity.runtime.log.AvalonLogChute
2023-02-07 15:57:41,358 - Target log system for org.apache.velocity.runtime.log.AvalonLogChute is not available (java.lang.NoClassDefFoundError: org/apache/log/format/Formatter).  Falling back to next log system...
2023-02-07 15:57:41,358 - Trying to use logger class org.apache.velocity.runtime.log.Log4JLogChute
2023-02-07 15:57:41,358 - Using logger class org.apache.velocity.runtime.log.Log4JLogChute
2023-02-07 15:57:41,361 - ResourceLoader instantiated: org.apache.velocity.runtime.resource.loader.ClasspathResourceLoader
2023-02-07 15:57:41,368 - ResourceCache: initialized (class org.apache.velocity.runtime.resource.ResourceCacheImpl) with class java.util.Collections$SynchronizedMap cache map.
2023-02-07 15:57:41,370 - Loaded System Directive: org.apache.velocity.runtime.directive.Stop
2023-02-07 15:57:41,370 - Loaded System Directive: org.apache.velocity.runtime.directive.Define
2023-02-07 15:57:41,370 - Loaded System Directive: org.apache.velocity.runtime.directive.Break
2023-02-07 15:57:41,370 - Loaded System Directive: org.apache.velocity.runtime.directive.Evaluate
2023-02-07 15:57:41,371 - Loaded System Directive: org.apache.velocity.runtime.directive.Literal
2023-02-07 15:57:41,372 - Loaded System Directive: org.apache.velocity.runtime.directive.Macro
2023-02-07 15:57:41,372 - Loaded System Directive: org.apache.velocity.runtime.directive.Parse
2023-02-07 15:57:41,373 - Loaded System Directive: org.apache.velocity.runtime.directive.Include
2023-02-07 15:57:41,373 - Loaded System Directive: org.apache.velocity.runtime.directive.Foreach
2023-02-07 15:57:41,390 - Created '20' parsers.
2023-02-07 15:57:41,394 - Velocimacro : "velocimacro.library" is not set.  Trying default library: VM_global_library.vm
2023-02-07 15:57:41,394 - Could not load resource 'VM_global_library.vm' from ResourceLoader org.apache.velocity.runtime.resource.loader.ClasspathResourceLoader: ClasspathResourceLoader Error: cannot find resource VM_global_library.vm
2023-02-07 15:57:41,394 - Velocimacro : Default library not found.
2023-02-07 15:57:41,394 - Velocimacro : allowInline = true : VMs can be defined inline in templates
2023-02-07 15:57:41,394 - Velocimacro : allowInlineToOverride = false : VMs defined inline may NOT replace previous VM definitions
2023-02-07 15:57:41,394 - Velocimacro : allowInlineLocal = false : VMs defined inline will be global in scope if allowed.
2023-02-07 15:57:41,394 - Velocimacro : autoload off : VM system will not automatically reload global library macros
2023-02-07 15:57:41,403 - ResourceManager : found /public/home.html with loader org.apache.velocity.runtime.resource.loader.ClasspathResourceLoader
2023-02-09 10:25:12,209 - Log4JLogChute initialized using file 'velocity.log'
2023-02-09 10:25:12,211 - Initializing Velocity, Calling init()...
2023-02-09 10:25:12,211 - Starting Apache Velocity v1.7 (compiled: 2010-11-19 12:14:37)
2023-02-09 10:25:12,211 - Default Properties File: org/apache/velocity/runtime/defaults/velocity.properties
2023-02-09 10:25:12,211 - Trying to use logger class org.apache.velocity.runtime.log.AvalonLogChute
2023-02-09 10:25:12,211 - Target log system for org.apache.velocity.runtime.log.AvalonLogChute is not available (java.lang.NoClassDefFoundError: org/apache/log/format/Formatter).  Falling back to next log system...
2023-02-09 10:25:12,211 - Trying to use logger class org.apache.velocity.runtime.log.Log4JLogChute
2023-02-09 10:25:12,211 - Using logger class org.apache.velocity.runtime.log.Log4JLogChute
2023-02-09 10:25:12,219 - ResourceLoader instantiated: org.apache.velocity.runtime.resource.loader.ClasspathResourceLoader
2023-02-09 10:25:12,229 - ResourceCache: initialized (class org.apache.velocity.runtime.resource.ResourceCacheImpl) with class java.util.Collections$SynchronizedMap cache map.
2023-02-09 10:25:12,233 - Loaded System Directive: org.apache.velocity.runtime.directive.Stop
2023-02-09 10:25:12,233 - Loaded System Directive: org.apache.velocity.runtime.directive.Define
2023-02-09 10:25:12,233 - Loaded System Directive: org.apache.velocity.runtime.directive.Break
2023-02-09 10:25:12,234 - Loaded System Directive: org.apache.velocity.runtime.directive.Evaluate
2023-02-09 10:25:12,234 - Loaded System Directive: org.apache.velocity.runtime.directive.Literal
2023-02-09 10:25:12,235 - Loaded System Directive: org.apache.velocity.runtime.directive.Macro
2023-02-09 10:25:12,235 - Loaded System Directive: org.apache.velocity.runtime.directive.Parse
2023-02-09 10:25:12,236 - Loaded System Directive: org.apache.velocity.runtime.directive.Include
2023-02-09 10:25:12,236 - Loaded System Directive: org.apache.velocity.runtime.directive.Foreach
2023-02-09 10:25:12,252 - Created '20' parsers.
2023-02-09 10:25:12,256 - Velocimacro : "velocimacro.library" is not set.  Trying default library: VM_global_library.vm
2023-02-09 10:25:12,256 - Could not load resource 'VM_global_library.vm' from ResourceLoader org.apache.velocity.runtime.resource.loader.ClasspathResourceLoader: ClasspathResourceLoader Error: cannot find resource VM_global_library.vm
2023-02-09 10:25:12,256 - Velocimacro : Default library not found.
2023-02-09 10:25:12,256 - Velocimacro : allowInline = true : VMs can be defined inline in templates
2023-02-09 10:25:12,256 - Velocimacro : allowInlineToOverride = false : VMs defined inline may NOT replace previous VM definitions
2023-02-09 10:25:12,256 - Velocimacro : allowInlineLocal = false : VMs defined inline will be global in scope if allowed.
2023-02-09 10:25:12,256 - Velocimacro : autoload off : VM system will not automatically reload global library macros
2023-02-09 10:25:12,267 - ResourceManager : found /public/home.html with loader org.apache.velocity.runtime.resource.loader.ClasspathResourceLoader
